running egg_info
writing build/rpi_bot/rpi_bot.egg-info/PKG-INFO
writing dependency_links to build/rpi_bot/rpi_bot.egg-info/dependency_links.txt
writing entry points to build/rpi_bot/rpi_bot.egg-info/entry_points.txt
writing requirements to build/rpi_bot/rpi_bot.egg-info/requires.txt
writing top-level names to build/rpi_bot/rpi_bot.egg-info/top_level.txt
reading manifest file 'build/rpi_bot/rpi_bot.egg-info/SOURCES.txt'
adding license file 'LICENSE'
writing manifest file 'build/rpi_bot/rpi_bot.egg-info/SOURCES.txt'
running build
running build_py
copying rpi_bot/rpi_interface.py -> /home/psu/RPi_Base/src/rpi_bot/build/rpi_bot/build/lib/rpi_bot
running install
running install_lib
copying /home/psu/RPi_Base/src/rpi_bot/build/rpi_bot/build/lib/rpi_bot/rpi_interface.py -> /home/psu/RPi_Base/src/rpi_bot/install/rpi_bot/lib/python3.10/site-packages/rpi_bot
byte-compiling /home/psu/RPi_Base/src/rpi_bot/install/rpi_bot/lib/python3.10/site-packages/rpi_bot/rpi_interface.py to rpi_interface.cpython-310.pyc
running install_data
running install_egg_info
removing '/home/psu/RPi_Base/src/rpi_bot/install/rpi_bot/lib/python3.10/site-packages/rpi_bot-0.0.0-py3.10.egg-info' (and everything under it)
Copying build/rpi_bot/rpi_bot.egg-info to /home/psu/RPi_Base/src/rpi_bot/install/rpi_bot/lib/python3.10/site-packages/rpi_bot-0.0.0-py3.10.egg-info
running install_scripts
Installing cmd_to_pwm_node script to /home/psu/RPi_Base/src/rpi_bot/install/rpi_bot/lib/rpi_bot
Installing pub_hcs04_node script to /home/psu/RPi_Base/src/rpi_bot/install/rpi_bot/lib/rpi_bot
Installing sub_hcs04_node script to /home/psu/RPi_Base/src/rpi_bot/install/rpi_bot/lib/rpi_bot
writing list of installed files to '/home/psu/RPi_Base/src/rpi_bot/build/rpi_bot/install.log'
