[0.327s] Invoking command in '/home/psu/RPi_Base/src/rpi_bot': PYTHONPATH=/home/psu/RPi_Base/src/rpi_bot/build/rpi_bot/prefix_override:/usr/lib/python3/dist-packages/colcon_core/task/python/colcon_distutils_commands:/home/psu/RPi_Base/src/rpi_bot/install/rpi_bot/lib/python3.10/site-packages:${PYTHONPATH} /usr/bin/python3 -W ignore:setup.py install is deprecated setup.py egg_info --egg-base build/rpi_bot build --build-base /home/psu/RPi_Base/src/rpi_bot/build/rpi_bot/build install --record /home/psu/RPi_Base/src/rpi_bot/build/rpi_bot/install.log --single-version-externally-managed install_data
[0.459s] running egg_info
[0.460s] writing build/rpi_bot/rpi_bot.egg-info/PKG-INFO
[0.460s] writing dependency_links to build/rpi_bot/rpi_bot.egg-info/dependency_links.txt
[0.460s] writing entry points to build/rpi_bot/rpi_bot.egg-info/entry_points.txt
[0.460s] writing requirements to build/rpi_bot/rpi_bot.egg-info/requires.txt
[0.460s] writing top-level names to build/rpi_bot/rpi_bot.egg-info/top_level.txt
[0.462s] reading manifest file 'build/rpi_bot/rpi_bot.egg-info/SOURCES.txt'
[0.462s] adding license file 'LICENSE'
[0.462s] writing manifest file 'build/rpi_bot/rpi_bot.egg-info/SOURCES.txt'
[0.462s] running build
[0.462s] running build_py
[0.462s] copying rpi_bot/rpi_interface.py -> /home/psu/RPi_Base/src/rpi_bot/build/rpi_bot/build/lib/rpi_bot
[0.463s] running install
[0.463s] running install_lib
[0.463s] copying /home/psu/RPi_Base/src/rpi_bot/build/rpi_bot/build/lib/rpi_bot/rpi_interface.py -> /home/psu/RPi_Base/src/rpi_bot/install/rpi_bot/lib/python3.10/site-packages/rpi_bot
[0.463s] byte-compiling /home/psu/RPi_Base/src/rpi_bot/install/rpi_bot/lib/python3.10/site-packages/rpi_bot/rpi_interface.py to rpi_interface.cpython-310.pyc
[0.464s] running install_data
[0.465s] running install_egg_info
[0.465s] removing '/home/psu/RPi_Base/src/rpi_bot/install/rpi_bot/lib/python3.10/site-packages/rpi_bot-0.0.0-py3.10.egg-info' (and everything under it)
[0.466s] Copying build/rpi_bot/rpi_bot.egg-info to /home/psu/RPi_Base/src/rpi_bot/install/rpi_bot/lib/python3.10/site-packages/rpi_bot-0.0.0-py3.10.egg-info
[0.466s] running install_scripts
[0.479s] Installing cmd_to_pwm_node script to /home/psu/RPi_Base/src/rpi_bot/install/rpi_bot/lib/rpi_bot
[0.479s] Installing pub_hcs04_node script to /home/psu/RPi_Base/src/rpi_bot/install/rpi_bot/lib/rpi_bot
[0.479s] Installing sub_hcs04_node script to /home/psu/RPi_Base/src/rpi_bot/install/rpi_bot/lib/rpi_bot
[0.479s] writing list of installed files to '/home/psu/RPi_Base/src/rpi_bot/build/rpi_bot/install.log'
[0.497s] Invoked command in '/home/psu/RPi_Base/src/rpi_bot' returned '0': PYTHONPATH=/home/psu/RPi_Base/src/rpi_bot/build/rpi_bot/prefix_override:/usr/lib/python3/dist-packages/colcon_core/task/python/colcon_distutils_commands:/home/psu/RPi_Base/src/rpi_bot/install/rpi_bot/lib/python3.10/site-packages:${PYTHONPATH} /usr/bin/python3 -W ignore:setup.py install is deprecated setup.py egg_info --egg-base build/rpi_bot build --build-base /home/psu/RPi_Base/src/rpi_bot/build/rpi_bot/build install --record /home/psu/RPi_Base/src/rpi_bot/build/rpi_bot/install.log --single-version-externally-managed install_data
