running egg_info
creating build/rpi_bot/rpi_bot.egg-info
writing build/rpi_bot/rpi_bot.egg-info/PKG-INFO
writing dependency_links to build/rpi_bot/rpi_bot.egg-info/dependency_links.txt
writing entry points to build/rpi_bot/rpi_bot.egg-info/entry_points.txt
writing requirements to build/rpi_bot/rpi_bot.egg-info/requires.txt
writing top-level names to build/rpi_bot/rpi_bot.egg-info/top_level.txt
writing manifest file 'build/rpi_bot/rpi_bot.egg-info/SOURCES.txt'
reading manifest file 'build/rpi_bot/rpi_bot.egg-info/SOURCES.txt'
adding license file 'LICENSE'
writing manifest file 'build/rpi_bot/rpi_bot.egg-info/SOURCES.txt'
running build
running build_py
creating /home/psu/RPi_Base/src/rpi_bot/build/rpi_bot/build
creating /home/psu/RPi_Base/src/rpi_bot/build/rpi_bot/build/lib
creating /home/psu/RPi_Base/src/rpi_bot/build/rpi_bot/build/lib/rpi_bot
copying rpi_bot/__init__.py -> /home/psu/RPi_Base/src/rpi_bot/build/rpi_bot/build/lib/rpi_bot
copying rpi_bot/keyboard_publisher.py -> /home/psu/RPi_Base/src/rpi_bot/build/rpi_bot/build/lib/rpi_bot
copying rpi_bot/keyboard_subscriber.py -> /home/psu/RPi_Base/src/rpi_bot/build/rpi_bot/build/lib/rpi_bot
copying rpi_bot/rpi_interface.py -> /home/psu/RPi_Base/src/rpi_bot/build/rpi_bot/build/lib/rpi_bot
copying rpi_bot/keys_to_twist.py -> /home/psu/RPi_Base/src/rpi_bot/build/rpi_bot/build/lib/rpi_bot
running install
running install_lib
creating /home/psu/RPi_Base/src/rpi_bot/install/rpi_bot/lib/python3.10/site-packages/rpi_bot
copying /home/psu/RPi_Base/src/rpi_bot/build/rpi_bot/build/lib/rpi_bot/__init__.py -> /home/psu/RPi_Base/src/rpi_bot/install/rpi_bot/lib/python3.10/site-packages/rpi_bot
copying /home/psu/RPi_Base/src/rpi_bot/build/rpi_bot/build/lib/rpi_bot/keyboard_subscriber.py -> /home/psu/RPi_Base/src/rpi_bot/install/rpi_bot/lib/python3.10/site-packages/rpi_bot
copying /home/psu/RPi_Base/src/rpi_bot/build/rpi_bot/build/lib/rpi_bot/keyboard_publisher.py -> /home/psu/RPi_Base/src/rpi_bot/install/rpi_bot/lib/python3.10/site-packages/rpi_bot
copying /home/psu/RPi_Base/src/rpi_bot/build/rpi_bot/build/lib/rpi_bot/rpi_interface.py -> /home/psu/RPi_Base/src/rpi_bot/install/rpi_bot/lib/python3.10/site-packages/rpi_bot
copying /home/psu/RPi_Base/src/rpi_bot/build/rpi_bot/build/lib/rpi_bot/keys_to_twist.py -> /home/psu/RPi_Base/src/rpi_bot/install/rpi_bot/lib/python3.10/site-packages/rpi_bot
byte-compiling /home/psu/RPi_Base/src/rpi_bot/install/rpi_bot/lib/python3.10/site-packages/rpi_bot/__init__.py to __init__.cpython-310.pyc
byte-compiling /home/psu/RPi_Base/src/rpi_bot/install/rpi_bot/lib/python3.10/site-packages/rpi_bot/keyboard_subscriber.py to keyboard_subscriber.cpython-310.pyc
byte-compiling /home/psu/RPi_Base/src/rpi_bot/install/rpi_bot/lib/python3.10/site-packages/rpi_bot/keyboard_publisher.py to keyboard_publisher.cpython-310.pyc
byte-compiling /home/psu/RPi_Base/src/rpi_bot/install/rpi_bot/lib/python3.10/site-packages/rpi_bot/rpi_interface.py to rpi_interface.cpython-310.pyc
byte-compiling /home/psu/RPi_Base/src/rpi_bot/install/rpi_bot/lib/python3.10/site-packages/rpi_bot/keys_to_twist.py to keys_to_twist.cpython-310.pyc
running install_data
creating /home/psu/RPi_Base/src/rpi_bot/install/rpi_bot/share/ament_index
creating /home/psu/RPi_Base/src/rpi_bot/install/rpi_bot/share/ament_index/resource_index
creating /home/psu/RPi_Base/src/rpi_bot/install/rpi_bot/share/ament_index/resource_index/packages
copying resource/rpi_bot -> /home/psu/RPi_Base/src/rpi_bot/install/rpi_bot/share/ament_index/resource_index/packages
copying package.xml -> /home/psu/RPi_Base/src/rpi_bot/install/rpi_bot/share/rpi_bot
running install_egg_info
Copying build/rpi_bot/rpi_bot.egg-info to /home/psu/RPi_Base/src/rpi_bot/install/rpi_bot/lib/python3.10/site-packages/rpi_bot-0.0.0-py3.10.egg-info
running install_scripts
Installing listener script to /home/psu/RPi_Base/src/rpi_bot/install/rpi_bot/lib/rpi_bot
Installing talker script to /home/psu/RPi_Base/src/rpi_bot/install/rpi_bot/lib/rpi_bot
writing list of installed files to '/home/psu/RPi_Base/src/rpi_bot/build/rpi_bot/install.log'
