[0.287s] Invoking command in '/home/psu/RPi_Base/src/rpi_bot': PYTHONPATH=/home/psu/RPi_Base/src/rpi_bot/build/rpi_bot/prefix_override:/usr/lib/python3/dist-packages/colcon_core/task/python/colcon_distutils_commands:/home/psu/RPi_Base/src/rpi_bot/install/rpi_bot/lib/python3.10/site-packages:${PYTHONPATH} /usr/bin/python3 -W ignore:setup.py install is deprecated setup.py egg_info --egg-base build/rpi_bot build --build-base /home/psu/RPi_Base/src/rpi_bot/build/rpi_bot/build install --record /home/psu/RPi_Base/src/rpi_bot/build/rpi_bot/install.log --single-version-externally-managed install_data
[0.393s] running egg_info
[0.393s] creating build/rpi_bot/rpi_bot.egg-info
[0.393s] writing build/rpi_bot/rpi_bot.egg-info/PKG-INFO
[0.393s] writing dependency_links to build/rpi_bot/rpi_bot.egg-info/dependency_links.txt
[0.393s] writing entry points to build/rpi_bot/rpi_bot.egg-info/entry_points.txt
[0.393s] writing requirements to build/rpi_bot/rpi_bot.egg-info/requires.txt
[0.393s] writing top-level names to build/rpi_bot/rpi_bot.egg-info/top_level.txt
[0.393s] writing manifest file 'build/rpi_bot/rpi_bot.egg-info/SOURCES.txt'
[0.394s] reading manifest file 'build/rpi_bot/rpi_bot.egg-info/SOURCES.txt'
[0.394s] adding license file 'LICENSE'
[0.395s] writing manifest file 'build/rpi_bot/rpi_bot.egg-info/SOURCES.txt'
[0.395s] running build
[0.395s] running build_py
[0.395s] creating /home/psu/RPi_Base/src/rpi_bot/build/rpi_bot/build
[0.395s] creating /home/psu/RPi_Base/src/rpi_bot/build/rpi_bot/build/lib
[0.395s] creating /home/psu/RPi_Base/src/rpi_bot/build/rpi_bot/build/lib/rpi_bot
[0.395s] copying rpi_bot/__init__.py -> /home/psu/RPi_Base/src/rpi_bot/build/rpi_bot/build/lib/rpi_bot
[0.395s] copying rpi_bot/keyboard_publisher.py -> /home/psu/RPi_Base/src/rpi_bot/build/rpi_bot/build/lib/rpi_bot
[0.396s] copying rpi_bot/keyboard_subscriber.py -> /home/psu/RPi_Base/src/rpi_bot/build/rpi_bot/build/lib/rpi_bot
[0.396s] copying rpi_bot/rpi_interface.py -> /home/psu/RPi_Base/src/rpi_bot/build/rpi_bot/build/lib/rpi_bot
[0.396s] copying rpi_bot/keys_to_twist.py -> /home/psu/RPi_Base/src/rpi_bot/build/rpi_bot/build/lib/rpi_bot
[0.396s] running install
[0.396s] running install_lib
[0.396s] creating /home/psu/RPi_Base/src/rpi_bot/install/rpi_bot/lib/python3.10/site-packages/rpi_bot
[0.397s] copying /home/psu/RPi_Base/src/rpi_bot/build/rpi_bot/build/lib/rpi_bot/__init__.py -> /home/psu/RPi_Base/src/rpi_bot/install/rpi_bot/lib/python3.10/site-packages/rpi_bot
[0.397s] copying /home/psu/RPi_Base/src/rpi_bot/build/rpi_bot/build/lib/rpi_bot/keyboard_subscriber.py -> /home/psu/RPi_Base/src/rpi_bot/install/rpi_bot/lib/python3.10/site-packages/rpi_bot
[0.397s] copying /home/psu/RPi_Base/src/rpi_bot/build/rpi_bot/build/lib/rpi_bot/keyboard_publisher.py -> /home/psu/RPi_Base/src/rpi_bot/install/rpi_bot/lib/python3.10/site-packages/rpi_bot
[0.397s] copying /home/psu/RPi_Base/src/rpi_bot/build/rpi_bot/build/lib/rpi_bot/rpi_interface.py -> /home/psu/RPi_Base/src/rpi_bot/install/rpi_bot/lib/python3.10/site-packages/rpi_bot
[0.397s] copying /home/psu/RPi_Base/src/rpi_bot/build/rpi_bot/build/lib/rpi_bot/keys_to_twist.py -> /home/psu/RPi_Base/src/rpi_bot/install/rpi_bot/lib/python3.10/site-packages/rpi_bot
[0.397s] byte-compiling /home/psu/RPi_Base/src/rpi_bot/install/rpi_bot/lib/python3.10/site-packages/rpi_bot/__init__.py to __init__.cpython-310.pyc
[0.397s] byte-compiling /home/psu/RPi_Base/src/rpi_bot/install/rpi_bot/lib/python3.10/site-packages/rpi_bot/keyboard_subscriber.py to keyboard_subscriber.cpython-310.pyc
[0.398s] byte-compiling /home/psu/RPi_Base/src/rpi_bot/install/rpi_bot/lib/python3.10/site-packages/rpi_bot/keyboard_publisher.py to keyboard_publisher.cpython-310.pyc
[0.398s] byte-compiling /home/psu/RPi_Base/src/rpi_bot/install/rpi_bot/lib/python3.10/site-packages/rpi_bot/rpi_interface.py to rpi_interface.cpython-310.pyc
[0.398s] byte-compiling /home/psu/RPi_Base/src/rpi_bot/install/rpi_bot/lib/python3.10/site-packages/rpi_bot/keys_to_twist.py to keys_to_twist.cpython-310.pyc
[0.398s] running install_data
[0.399s] creating /home/psu/RPi_Base/src/rpi_bot/install/rpi_bot/share/ament_index
[0.399s] creating /home/psu/RPi_Base/src/rpi_bot/install/rpi_bot/share/ament_index/resource_index
[0.399s] creating /home/psu/RPi_Base/src/rpi_bot/install/rpi_bot/share/ament_index/resource_index/packages
[0.399s] copying resource/rpi_bot -> /home/psu/RPi_Base/src/rpi_bot/install/rpi_bot/share/ament_index/resource_index/packages
[0.399s] copying package.xml -> /home/psu/RPi_Base/src/rpi_bot/install/rpi_bot/share/rpi_bot
[0.399s] running install_egg_info
[0.400s] Copying build/rpi_bot/rpi_bot.egg-info to /home/psu/RPi_Base/src/rpi_bot/install/rpi_bot/lib/python3.10/site-packages/rpi_bot-0.0.0-py3.10.egg-info
[0.400s] running install_scripts
[0.410s] Installing listener script to /home/psu/RPi_Base/src/rpi_bot/install/rpi_bot/lib/rpi_bot
[0.410s] Installing talker script to /home/psu/RPi_Base/src/rpi_bot/install/rpi_bot/lib/rpi_bot
[0.411s] writing list of installed files to '/home/psu/RPi_Base/src/rpi_bot/build/rpi_bot/install.log'
[0.423s] Invoked command in '/home/psu/RPi_Base/src/rpi_bot' returned '0': PYTHONPATH=/home/psu/RPi_Base/src/rpi_bot/build/rpi_bot/prefix_override:/usr/lib/python3/dist-packages/colcon_core/task/python/colcon_distutils_commands:/home/psu/RPi_Base/src/rpi_bot/install/rpi_bot/lib/python3.10/site-packages:${PYTHONPATH} /usr/bin/python3 -W ignore:setup.py install is deprecated setup.py egg_info --egg-base build/rpi_bot build --build-base /home/psu/RPi_Base/src/rpi_bot/build/rpi_bot/build install --record /home/psu/RPi_Base/src/rpi_bot/build/rpi_bot/install.log --single-version-externally-managed install_data
