[0.295s] Invoking command in '/home/psu/RPi_Base/src/rpi_bot': PYTHONPATH=/home/psu/RPi_Base/src/rpi_bot/build/rpi_bot/prefix_override:/usr/lib/python3/dist-packages/colcon_core/task/python/colcon_distutils_commands:/home/psu/RPi_Base/src/rpi_bot/install/rpi_bot/lib/python3.10/site-packages:${PYTHONPATH} /usr/bin/python3 -W ignore:setup.py install is deprecated setup.py egg_info --egg-base build/rpi_bot build --build-base /home/psu/RPi_Base/src/rpi_bot/build/rpi_bot/build install --record /home/psu/RPi_Base/src/rpi_bot/build/rpi_bot/install.log --single-version-externally-managed install_data
[0.402s] running egg_info
[0.402s] writing build/rpi_bot/rpi_bot.egg-info/PKG-INFO
[0.403s] writing dependency_links to build/rpi_bot/rpi_bot.egg-info/dependency_links.txt
[0.403s] writing entry points to build/rpi_bot/rpi_bot.egg-info/entry_points.txt
[0.403s] writing requirements to build/rpi_bot/rpi_bot.egg-info/requires.txt
[0.403s] writing top-level names to build/rpi_bot/rpi_bot.egg-info/top_level.txt
[0.404s] reading manifest file 'build/rpi_bot/rpi_bot.egg-info/SOURCES.txt'
[0.405s] adding license file 'LICENSE'
[0.405s] writing manifest file 'build/rpi_bot/rpi_bot.egg-info/SOURCES.txt'
[0.405s] running build
[0.405s] running build_py
[0.405s] copying rpi_bot/cmd_to_pwm_driver.py -> /home/psu/RPi_Base/src/rpi_bot/build/rpi_bot/build/lib/rpi_bot
[0.405s] copying rpi_bot/motor_interface.py -> /home/psu/RPi_Base/src/rpi_bot/build/rpi_bot/build/lib/rpi_bot
[0.406s] running install
[0.406s] running install_lib
[0.406s] copying /home/psu/RPi_Base/src/rpi_bot/build/rpi_bot/build/lib/rpi_bot/cmd_to_pwm_driver.py -> /home/psu/RPi_Base/src/rpi_bot/install/rpi_bot/lib/python3.10/site-packages/rpi_bot
[0.406s] copying /home/psu/RPi_Base/src/rpi_bot/build/rpi_bot/build/lib/rpi_bot/motor_interface.py -> /home/psu/RPi_Base/src/rpi_bot/install/rpi_bot/lib/python3.10/site-packages/rpi_bot
[0.406s] byte-compiling /home/psu/RPi_Base/src/rpi_bot/install/rpi_bot/lib/python3.10/site-packages/rpi_bot/cmd_to_pwm_driver.py to cmd_to_pwm_driver.cpython-310.pyc
[0.407s] byte-compiling /home/psu/RPi_Base/src/rpi_bot/install/rpi_bot/lib/python3.10/site-packages/rpi_bot/motor_interface.py to motor_interface.cpython-310.pyc
[0.407s] running install_data
[0.407s] copying package.xml -> /home/psu/RPi_Base/src/rpi_bot/install/rpi_bot/share/rpi_bot
[0.408s] copying launch/rpi_launch.py -> /home/psu/RPi_Base/src/rpi_bot/install/rpi_bot/share/rpi_bot/launch
[0.408s] copying launch/host_launch.py -> /home/psu/RPi_Base/src/rpi_bot/install/rpi_bot/share/rpi_bot/launch
[0.408s] running install_egg_info
[0.409s] removing '/home/psu/RPi_Base/src/rpi_bot/install/rpi_bot/lib/python3.10/site-packages/rpi_bot-0.0.0-py3.10.egg-info' (and everything under it)
[0.409s] Copying build/rpi_bot/rpi_bot.egg-info to /home/psu/RPi_Base/src/rpi_bot/install/rpi_bot/lib/python3.10/site-packages/rpi_bot-0.0.0-py3.10.egg-info
[0.410s] running install_scripts
[0.420s] Installing cmd_to_pwm_node script to /home/psu/RPi_Base/src/rpi_bot/install/rpi_bot/lib/rpi_bot
[0.421s] writing list of installed files to '/home/psu/RPi_Base/src/rpi_bot/build/rpi_bot/install.log'
[0.434s] Invoked command in '/home/psu/RPi_Base/src/rpi_bot' returned '0': PYTHONPATH=/home/psu/RPi_Base/src/rpi_bot/build/rpi_bot/prefix_override:/usr/lib/python3/dist-packages/colcon_core/task/python/colcon_distutils_commands:/home/psu/RPi_Base/src/rpi_bot/install/rpi_bot/lib/python3.10/site-packages:${PYTHONPATH} /usr/bin/python3 -W ignore:setup.py install is deprecated setup.py egg_info --egg-base build/rpi_bot build --build-base /home/psu/RPi_Base/src/rpi_bot/build/rpi_bot/build install --record /home/psu/RPi_Base/src/rpi_bot/build/rpi_bot/install.log --single-version-externally-managed install_data
