/home/psu/RPi_Base/src/rpi_bot/install/rpi_bot/lib/python3.10/site-packages/rpi_bot/__init__.py
/home/psu/RPi_Base/src/rpi_bot/install/rpi_bot/lib/python3.10/site-packages/rpi_bot/keyboard_publisher.py
/home/psu/RPi_Base/src/rpi_bot/install/rpi_bot/lib/python3.10/site-packages/rpi_bot/keyboard_subscriber.py
/home/psu/RPi_Base/src/rpi_bot/install/rpi_bot/lib/python3.10/site-packages/rpi_bot/rpi_interface.py
/home/psu/RPi_Base/src/rpi_bot/install/rpi_bot/lib/python3.10/site-packages/rpi_bot/keys_to_twist.py
/home/psu/RPi_Base/src/rpi_bot/install/rpi_bot/lib/python3.10/site-packages/rpi_bot/__pycache__/__init__.cpython-310.pyc
/home/psu/RPi_Base/src/rpi_bot/install/rpi_bot/lib/python3.10/site-packages/rpi_bot/__pycache__/keyboard_publisher.cpython-310.pyc
/home/psu/RPi_Base/src/rpi_bot/install/rpi_bot/lib/python3.10/site-packages/rpi_bot/__pycache__/keyboard_subscriber.cpython-310.pyc
/home/psu/RPi_Base/src/rpi_bot/install/rpi_bot/lib/python3.10/site-packages/rpi_bot/__pycache__/rpi_interface.cpython-310.pyc
/home/psu/RPi_Base/src/rpi_bot/install/rpi_bot/lib/python3.10/site-packages/rpi_bot/__pycache__/keys_to_twist.cpython-310.pyc
/home/psu/RPi_Base/src/rpi_bot/install/rpi_bot/share/ament_index/resource_index/packages/rpi_bot
/home/psu/RPi_Base/src/rpi_bot/install/rpi_bot/share/rpi_bot/package.xml
/home/psu/RPi_Base/src/rpi_bot/install/rpi_bot/lib/python3.10/site-packages/rpi_bot-0.0.0-py3.10.egg-info/zip-safe
/home/psu/RPi_Base/src/rpi_bot/install/rpi_bot/lib/python3.10/site-packages/rpi_bot-0.0.0-py3.10.egg-info/SOURCES.txt
/home/psu/RPi_Base/src/rpi_bot/install/rpi_bot/lib/python3.10/site-packages/rpi_bot-0.0.0-py3.10.egg-info/requires.txt
/home/psu/RPi_Base/src/rpi_bot/install/rpi_bot/lib/python3.10/site-packages/rpi_bot-0.0.0-py3.10.egg-info/dependency_links.txt
/home/psu/RPi_Base/src/rpi_bot/install/rpi_bot/lib/python3.10/site-packages/rpi_bot-0.0.0-py3.10.egg-info/PKG-INFO
/home/psu/RPi_Base/src/rpi_bot/install/rpi_bot/lib/python3.10/site-packages/rpi_bot-0.0.0-py3.10.egg-info/entry_points.txt
/home/psu/RPi_Base/src/rpi_bot/install/rpi_bot/lib/python3.10/site-packages/rpi_bot-0.0.0-py3.10.egg-info/top_level.txt
/home/psu/RPi_Base/src/rpi_bot/install/rpi_bot/lib/rpi_bot/listener
/home/psu/RPi_Base/src/rpi_bot/install/rpi_bot/lib/rpi_bot/talker
